<?xml version="1.0" encoding="UTF-8"?>
<testsuite xmlns:xsi="http://www.w3.org/2001/XMLSchema-instance" xsi:noNamespaceSchemaLocation="https://maven.apache.org/surefire/maven-surefire-plugin/xsd/surefire-test-report-3.0.xsd" version="3.0" name="ValidadorTest" time="0.104" tests="3" errors="0" skipped="0" failures="0">
  <properties>
    <property name="java.specification.version" value="22"/>
    <property name="sun.cpu.isalist" value="amd64"/>
    <property name="sun.jnu.encoding" value="Cp1252"/>
    <property name="java.class.path" value="D:\Adam\Programacao\Projetos\VivaBem\demo\target\test-classes;D:\Adam\Programacao\Projetos\VivaBem\demo\target\classes;C:\Users\adam_\.m2\repository\org\junit\jupiter\junit-jupiter-api\5.11.1\junit-jupiter-api-5.11.1.jar;C:\Users\adam_\.m2\repository\org\opentest4j\opentest4j\1.3.0\opentest4j-1.3.0.jar;C:\Users\adam_\.m2\repository\org\junit\platform\junit-platform-commons\1.11.1\junit-platform-commons-1.11.1.jar;C:\Users\adam_\.m2\repository\org\apiguardian\apiguardian-api\1.1.2\apiguardian-api-1.1.2.jar;C:\Users\adam_\.m2\repository\org\xerial\sqlite-jdbc\3.46.1.0\sqlite-jdbc-3.46.1.0.jar;C:\Users\adam_\.m2\repository\org\slf4j\slf4j-api\1.7.36\slf4j-api-1.7.36.jar;C:\Users\adam_\.m2\repository\org\mockito\mockito-core\5.14.0\mockito-core-5.14.0.jar;C:\Users\adam_\.m2\repository\net\bytebuddy\byte-buddy\1.15.2\byte-buddy-1.15.2.jar;C:\Users\adam_\.m2\repository\net\bytebuddy\byte-buddy-agent\1.15.2\byte-buddy-agent-1.15.2.jar;C:\Users\adam_\.m2\repository\org\objenesis\objenesis\3.3\objenesis-3.3.jar;C:\Users\adam_\.m2\repository\org\json\json\20240303\json-20240303.jar;"/>
    <property name="java.vm.vendor" value="Oracle Corporation"/>
    <property name="sun.arch.data.model" value="64"/>
    <property name="user.variant" value=""/>
    <property name="java.vendor.url" value="https://java.oracle.com/"/>
    <property name="user.timezone" value="America/Sao_Paulo"/>
    <property name="os.name" value="Windows 10"/>
    <property name="java.vm.specification.version" value="22"/>
    <property name="sun.java.launcher" value="SUN_STANDARD"/>
    <property name="user.country" value="BR"/>
    <property name="sun.boot.library.path" value="C:\Program Files\Java\jdk-22\bin"/>
    <property name="sun.java.command" value="C:\Users\adam_\AppData\Local\Temp\surefire13549947987582864384\surefirebooter-20240929130049848_3.jar C:\Users\adam_\AppData\Local\Temp\surefire13549947987582864384 2024-09-29T13-00-49_272-jvmRun1 surefire-20240929130049848_1tmp surefire_0-20240929130049848_2tmp"/>
    <property name="jdk.debug" value="release"/>
    <property name="surefire.test.class.path" value="D:\Adam\Programacao\Projetos\VivaBem\demo\target\test-classes;D:\Adam\Programacao\Projetos\VivaBem\demo\target\classes;C:\Users\adam_\.m2\repository\org\junit\jupiter\junit-jupiter-api\5.11.1\junit-jupiter-api-5.11.1.jar;C:\Users\adam_\.m2\repository\org\opentest4j\opentest4j\1.3.0\opentest4j-1.3.0.jar;C:\Users\adam_\.m2\repository\org\junit\platform\junit-platform-commons\1.11.1\junit-platform-commons-1.11.1.jar;C:\Users\adam_\.m2\repository\org\apiguardian\apiguardian-api\1.1.2\apiguardian-api-1.1.2.jar;C:\Users\adam_\.m2\repository\org\xerial\sqlite-jdbc\3.46.1.0\sqlite-jdbc-3.46.1.0.jar;C:\Users\adam_\.m2\repository\org\slf4j\slf4j-api\1.7.36\slf4j-api-1.7.36.jar;C:\Users\adam_\.m2\repository\org\mockito\mockito-core\5.14.0\mockito-core-5.14.0.jar;C:\Users\adam_\.m2\repository\net\bytebuddy\byte-buddy\1.15.2\byte-buddy-1.15.2.jar;C:\Users\adam_\.m2\repository\net\bytebuddy\byte-buddy-agent\1.15.2\byte-buddy-agent-1.15.2.jar;C:\Users\adam_\.m2\repository\org\objenesis\objenesis\3.3\objenesis-3.3.jar;C:\Users\adam_\.m2\repository\org\json\json\20240303\json-20240303.jar;"/>
    <property name="sun.cpu.endian" value="little"/>
    <property name="user.home" value="C:\Users\adam_"/>
    <property name="user.language" value="pt"/>
    <property name="java.specification.vendor" value="Oracle Corporation"/>
    <property name="java.version.date" value="2024-07-16"/>
    <property name="java.home" value="C:\Program Files\Java\jdk-22"/>
    <property name="file.separator" value="\"/>
    <property name="basedir" value="D:\Adam\Programacao\Projetos\VivaBem\demo"/>
    <property name="java.vm.compressedOopsMode" value="32-bit"/>
    <property name="line.separator" value="&#10;"/>
    <property name="java.vm.specification.vendor" value="Oracle Corporation"/>
    <property name="java.specification.name" value="Java Platform API Specification"/>
    <property name="surefire.real.class.path" value="C:\Users\adam_\AppData\Local\Temp\surefire13549947987582864384\surefirebooter-20240929130049848_3.jar"/>
    <property name="user.script" value=""/>
    <property name="sun.management.compiler" value="HotSpot 64-Bit Tiered Compilers"/>
    <property name="java.runtime.version" value="22.0.2+9-70"/>
    <property name="user.name" value="adam_"/>
    <property name="stdout.encoding" value="Cp1252"/>
    <property name="path.separator" value=";"/>
    <property name="os.version" value="10.0"/>
    <property name="java.runtime.name" value="Java(TM) SE Runtime Environment"/>
    <property name="file.encoding" value="UTF-8"/>
    <property name="java.vm.name" value="Java HotSpot(TM) 64-Bit Server VM"/>
    <property name="localRepository" value="C:\Users\adam_\.m2\repository"/>
    <property name="java.vendor.url.bug" value="https://bugreport.java.com/bugreport/"/>
    <property name="java.io.tmpdir" value="C:\Users\adam_\AppData\Local\Temp\"/>
    <property name="java.version" value="22.0.2"/>
    <property name="user.dir" value="D:\Adam\Programacao\Projetos\VivaBem\demo"/>
    <property name="os.arch" value="amd64"/>
    <property name="java.vm.specification.name" value="Java Virtual Machine Specification"/>
    <property name="sun.os.patch.level" value=""/>
    <property name="native.encoding" value="Cp1252"/>
    <property name="java.library.path" value="C:\Program Files\Java\jdk-22\bin;C:\Windows\Sun\Java\bin;C:\Windows\system32;C:\Windows;C:\Program Files\Common Files\Oracle\Java\javapath;C:\Windows\system32;C:\Windows;C:\Windows\System32\Wbem;C:\Windows\System32\WindowsPowerShell\v1.0\;C:\Windows\System32\OpenSSH\;C:\Program Files\Git\cmd;D:\Adam\Programacao\Java\apache-maven-3.9.9\bin;C:\Users\adam_\AppData\Local\Programs\Python\Python311\Scripts\;C:\Users\adam_\AppData\Local\Programs\Python\Python311\;C:\Users\adam_\AppData\Local\Microsoft\WindowsApps;C:\Users\adam_\AppData\Local\Programs\Microsoft VS Code\bin;."/>
    <property name="java.vm.info" value="mixed mode, sharing"/>
    <property name="stderr.encoding" value="Cp1252"/>
    <property name="java.vendor" value="Oracle Corporation"/>
    <property name="java.vm.version" value="22.0.2+9-70"/>
    <property name="sun.io.unicode.encoding" value="UnicodeLittle"/>
    <property name="java.class.version" value="66.0"/>
  </properties>
  <testcase name="deveriaFalharNaValidacaoDoCPFPorCausaDosDigitosVerificadores" classname="ValidadorTest" time="0.065"/>
  <testcase name="deveriaValidarOCPF" classname="ValidadorTest" time="0.003"/>
  <testcase name="deveriaFalharNaValidacaoDoCPFPorTamanhoCPF" classname="ValidadorTest" time="0.003"/>
</testsuite>