<?xml version="1.0" encoding="UTF-8"?>
<testsuite xmlns:xsi="http://www.w3.org/2001/XMLSchema-instance" xsi:noNamespaceSchemaLocation="https://maven.apache.org/surefire/maven-surefire-plugin/xsd/surefire-test-report-3.0.xsd" version="3.0" name="ValidadorTest" time="0.082" tests="3" errors="0" skipped="0" failures="0">
  <properties>
    <property name="java.specification.version" value="22"/>
    <property name="sun.cpu.isalist" value="amd64"/>
    <property name="sun.jnu.encoding" value="Cp1252"/>
    <property name="java.class.path" value="D:\Adam\Programacao\Projetos\VivaBem\demo\target\test-classes;D:\Adam\Programacao\Projetos\VivaBem\demo\target\classes;C:\Users\adam_\.m2\repository\org\junit\jupiter\junit-jupiter-api\5.11.1\junit-jupiter-api-5.11.1.jar;C:\Users\adam_\.m2\repository\org\opentest4j\opentest4j\1.3.0\opentest4j-1.3.0.jar;C:\Users\adam_\.m2\repository\org\junit\platform\junit-platform-commons\1.11.1\junit-platform-commons-1.11.1.jar;C:\Users\adam_\.m2\repository\org\apiguardian\apiguardian-api\1.1.2\apiguardian-api-1.1.2.jar;C:\Users\adam_\.m2\repository\org\xerial\sqlite-jdbc\3.46.1.0\sqlite-jdbc-3.46.1.0.jar;C:\Users\adam_\.m2\repository\org\slf4j\slf4j-api\1.7.36\slf4j-api-1.7.36.jar;C:\Users\adam_\.m2\repository\org\mockito\mockito-core\5.14.0\mockito-core-5.14.0.jar;C:\Users\adam_\.m2\repository\net\bytebuddy\byte-buddy\1.15.2\byte-buddy-1.15.2.jar;C:\Users\adam_\.m2\repository\net\bytebuddy\byte-buddy-agent\1.15.2\byte-buddy-agent-1.15.2.jar;C:\Users\adam_\.m2\repository\org\objenesis\objenesis\3.3\objenesis-3.3.jar;C:\Users\adam_\.m2\repository\org\json\json\20240303\json-20240303.jar;C:\Users\adam_\.m2\repository\org\hibernate\orm\hibernate-entitymanager\6.0.0.Alpha7\hibernate-entitymanager-6.0.0.Alpha7.jar;C:\Users\adam_\.m2\repository\org\jboss\logging\jboss-logging\3.4.1.Final\jboss-logging-3.4.1.Final.jar;C:\Users\adam_\.m2\repository\org\hibernate\orm\hibernate-core\6.0.0.Alpha7\hibernate-core-6.0.0.Alpha7.jar;C:\Users\adam_\.m2\repository\org\antlr\antlr4\4.9.1\antlr4-4.9.1.jar;C:\Users\adam_\.m2\repository\org\antlr\antlr4-runtime\4.9.1\antlr4-runtime-4.9.1.jar;C:\Users\adam_\.m2\repository\org\antlr\antlr-runtime\3.5.2\antlr-runtime-3.5.2.jar;C:\Users\adam_\.m2\repository\org\antlr\ST4\4.3\ST4-4.3.jar;C:\Users\adam_\.m2\repository\org\abego\treelayout\org.abego.treelayout.core\1.0.3\org.abego.treelayout.core-1.0.3.jar;C:\Users\adam_\.m2\repository\org\glassfish\javax.json\1.0.4\javax.json-1.0.4.jar;C:\Users\adam_\.m2\repository\com\ibm\icu\icu4j\61.1\icu4j-61.1.jar;C:\Users\adam_\.m2\repository\org\jboss\jandex\2.2.3.Final\jandex-2.2.3.Final.jar;C:\Users\adam_\.m2\repository\com\fasterxml\classmate\1.5.1\classmate-1.5.1.jar;C:\Users\adam_\.m2\repository\javax\activation\javax.activation-api\1.2.0\javax.activation-api-1.2.0.jar;C:\Users\adam_\.m2\repository\javax\xml\bind\jaxb-api\2.3.1\jaxb-api-2.3.1.jar;C:\Users\adam_\.m2\repository\org\glassfish\jaxb\jaxb-runtime\2.3.1\jaxb-runtime-2.3.1.jar;C:\Users\adam_\.m2\repository\org\glassfish\jaxb\txw2\2.3.1\txw2-2.3.1.jar;C:\Users\adam_\.m2\repository\com\sun\istack\istack-commons-runtime\3.0.7\istack-commons-runtime-3.0.7.jar;C:\Users\adam_\.m2\repository\org\jvnet\staxex\stax-ex\1.8\stax-ex-1.8.jar;C:\Users\adam_\.m2\repository\com\sun\xml\fastinfoset\FastInfoset\1.2.15\FastInfoset-1.2.15.jar;C:\Users\adam_\.m2\repository\org\dom4j\dom4j\2.1.3\dom4j-2.1.3.jar;C:\Users\adam_\.m2\repository\org\hibernate\common\hibernate-commons-annotations\5.1.2.Final\hibernate-commons-annotations-5.1.2.Final.jar;C:\Users\adam_\.m2\repository\javax\persistence\javax.persistence-api\2.2\javax.persistence-api-2.2.jar;C:\Users\adam_\.m2\repository\org\jboss\spec\javax\transaction\jboss-transaction-api_1.2_spec\1.1.1.Final\jboss-transaction-api_1.2_spec-1.1.1.Final.jar;"/>
    <property name="java.vm.vendor" value="Oracle Corporation"/>
    <property name="sun.arch.data.model" value="64"/>
    <property name="user.variant" value=""/>
    <property name="java.vendor.url" value="https://java.oracle.com/"/>
    <property name="user.timezone" value="America/Sao_Paulo"/>
    <property name="os.name" value="Windows 10"/>
    <property name="java.vm.specification.version" value="22"/>
    <property name="sun.java.launcher" value="SUN_STANDARD"/>
    <property name="user.country" value="BR"/>
    <property name="sun.boot.library.path" value="C:\Program Files\Java\jdk-22\bin"/>
    <property name="sun.java.command" value="C:\Users\adam_\AppData\Local\Temp\surefire7645860383929720300\surefirebooter-20241002154539756_3.jar C:\Users\adam_\AppData\Local\Temp\surefire7645860383929720300 2024-10-02T15-45-39_264-jvmRun1 surefire-20241002154539756_1tmp surefire_0-20241002154539756_2tmp"/>
    <property name="jdk.debug" value="release"/>
    <property name="surefire.test.class.path" value="D:\Adam\Programacao\Projetos\VivaBem\demo\target\test-classes;D:\Adam\Programacao\Projetos\VivaBem\demo\target\classes;C:\Users\adam_\.m2\repository\org\junit\jupiter\junit-jupiter-api\5.11.1\junit-jupiter-api-5.11.1.jar;C:\Users\adam_\.m2\repository\org\opentest4j\opentest4j\1.3.0\opentest4j-1.3.0.jar;C:\Users\adam_\.m2\repository\org\junit\platform\junit-platform-commons\1.11.1\junit-platform-commons-1.11.1.jar;C:\Users\adam_\.m2\repository\org\apiguardian\apiguardian-api\1.1.2\apiguardian-api-1.1.2.jar;C:\Users\adam_\.m2\repository\org\xerial\sqlite-jdbc\3.46.1.0\sqlite-jdbc-3.46.1.0.jar;C:\Users\adam_\.m2\repository\org\slf4j\slf4j-api\1.7.36\slf4j-api-1.7.36.jar;C:\Users\adam_\.m2\repository\org\mockito\mockito-core\5.14.0\mockito-core-5.14.0.jar;C:\Users\adam_\.m2\repository\net\bytebuddy\byte-buddy\1.15.2\byte-buddy-1.15.2.jar;C:\Users\adam_\.m2\repository\net\bytebuddy\byte-buddy-agent\1.15.2\byte-buddy-agent-1.15.2.jar;C:\Users\adam_\.m2\repository\org\objenesis\objenesis\3.3\objenesis-3.3.jar;C:\Users\adam_\.m2\repository\org\json\json\20240303\json-20240303.jar;C:\Users\adam_\.m2\repository\org\hibernate\orm\hibernate-entitymanager\6.0.0.Alpha7\hibernate-entitymanager-6.0.0.Alpha7.jar;C:\Users\adam_\.m2\repository\org\jboss\logging\jboss-logging\3.4.1.Final\jboss-logging-3.4.1.Final.jar;C:\Users\adam_\.m2\repository\org\hibernate\orm\hibernate-core\6.0.0.Alpha7\hibernate-core-6.0.0.Alpha7.jar;C:\Users\adam_\.m2\repository\org\antlr\antlr4\4.9.1\antlr4-4.9.1.jar;C:\Users\adam_\.m2\repository\org\antlr\antlr4-runtime\4.9.1\antlr4-runtime-4.9.1.jar;C:\Users\adam_\.m2\repository\org\antlr\antlr-runtime\3.5.2\antlr-runtime-3.5.2.jar;C:\Users\adam_\.m2\repository\org\antlr\ST4\4.3\ST4-4.3.jar;C:\Users\adam_\.m2\repository\org\abego\treelayout\org.abego.treelayout.core\1.0.3\org.abego.treelayout.core-1.0.3.jar;C:\Users\adam_\.m2\repository\org\glassfish\javax.json\1.0.4\javax.json-1.0.4.jar;C:\Users\adam_\.m2\repository\com\ibm\icu\icu4j\61.1\icu4j-61.1.jar;C:\Users\adam_\.m2\repository\org\jboss\jandex\2.2.3.Final\jandex-2.2.3.Final.jar;C:\Users\adam_\.m2\repository\com\fasterxml\classmate\1.5.1\classmate-1.5.1.jar;C:\Users\adam_\.m2\repository\javax\activation\javax.activation-api\1.2.0\javax.activation-api-1.2.0.jar;C:\Users\adam_\.m2\repository\javax\xml\bind\jaxb-api\2.3.1\jaxb-api-2.3.1.jar;C:\Users\adam_\.m2\repository\org\glassfish\jaxb\jaxb-runtime\2.3.1\jaxb-runtime-2.3.1.jar;C:\Users\adam_\.m2\repository\org\glassfish\jaxb\txw2\2.3.1\txw2-2.3.1.jar;C:\Users\adam_\.m2\repository\com\sun\istack\istack-commons-runtime\3.0.7\istack-commons-runtime-3.0.7.jar;C:\Users\adam_\.m2\repository\org\jvnet\staxex\stax-ex\1.8\stax-ex-1.8.jar;C:\Users\adam_\.m2\repository\com\sun\xml\fastinfoset\FastInfoset\1.2.15\FastInfoset-1.2.15.jar;C:\Users\adam_\.m2\repository\org\dom4j\dom4j\2.1.3\dom4j-2.1.3.jar;C:\Users\adam_\.m2\repository\org\hibernate\common\hibernate-commons-annotations\5.1.2.Final\hibernate-commons-annotations-5.1.2.Final.jar;C:\Users\adam_\.m2\repository\javax\persistence\javax.persistence-api\2.2\javax.persistence-api-2.2.jar;C:\Users\adam_\.m2\repository\org\jboss\spec\javax\transaction\jboss-transaction-api_1.2_spec\1.1.1.Final\jboss-transaction-api_1.2_spec-1.1.1.Final.jar;"/>
    <property name="sun.cpu.endian" value="little"/>
    <property name="user.home" value="C:\Users\adam_"/>
    <property name="user.language" value="pt"/>
    <property name="java.specification.vendor" value="Oracle Corporation"/>
    <property name="java.version.date" value="2024-07-16"/>
    <property name="java.home" value="C:\Program Files\Java\jdk-22"/>
    <property name="file.separator" value="\"/>
    <property name="basedir" value="D:\Adam\Programacao\Projetos\VivaBem\demo"/>
    <property name="java.vm.compressedOopsMode" value="32-bit"/>
    <property name="line.separator" value="&#10;"/>
    <property name="java.vm.specification.vendor" value="Oracle Corporation"/>
    <property name="java.specification.name" value="Java Platform API Specification"/>
    <property name="surefire.real.class.path" value="C:\Users\adam_\AppData\Local\Temp\surefire7645860383929720300\surefirebooter-20241002154539756_3.jar"/>
    <property name="user.script" value=""/>
    <property name="sun.management.compiler" value="HotSpot 64-Bit Tiered Compilers"/>
    <property name="java.runtime.version" value="22.0.2+9-70"/>
    <property name="user.name" value="adam_"/>
    <property name="stdout.encoding" value="Cp1252"/>
    <property name="path.separator" value=";"/>
    <property name="os.version" value="10.0"/>
    <property name="java.runtime.name" value="Java(TM) SE Runtime Environment"/>
    <property name="file.encoding" value="UTF-8"/>
    <property name="java.vm.name" value="Java HotSpot(TM) 64-Bit Server VM"/>
    <property name="localRepository" value="C:\Users\adam_\.m2\repository"/>
    <property name="java.vendor.url.bug" value="https://bugreport.java.com/bugreport/"/>
    <property name="java.io.tmpdir" value="C:\Users\adam_\AppData\Local\Temp\"/>
    <property name="java.version" value="22.0.2"/>
    <property name="user.dir" value="D:\Adam\Programacao\Projetos\VivaBem\demo"/>
    <property name="os.arch" value="amd64"/>
    <property name="java.vm.specification.name" value="Java Virtual Machine Specification"/>
    <property name="sun.os.patch.level" value=""/>
    <property name="native.encoding" value="Cp1252"/>
    <property name="java.library.path" value="C:\Program Files\Java\jdk-22\bin;C:\Windows\Sun\Java\bin;C:\Windows\system32;C:\Windows;C:\Program Files\Common Files\Oracle\Java\javapath;C:\Windows\system32;C:\Windows;C:\Windows\System32\Wbem;C:\Windows\System32\WindowsPowerShell\v1.0\;C:\Windows\System32\OpenSSH\;C:\Program Files\Git\cmd;D:\Adam\Programacao\Java\apache-maven-3.9.9\bin;C:\Users\adam_\AppData\Local\Programs\Python\Python311\Scripts\;C:\Users\adam_\AppData\Local\Programs\Python\Python311\;C:\Users\adam_\AppData\Local\Microsoft\WindowsApps;C:\Users\adam_\AppData\Local\Programs\Microsoft VS Code\bin;."/>
    <property name="java.vm.info" value="mixed mode, sharing"/>
    <property name="stderr.encoding" value="Cp1252"/>
    <property name="java.vendor" value="Oracle Corporation"/>
    <property name="java.vm.version" value="22.0.2+9-70"/>
    <property name="sun.io.unicode.encoding" value="UnicodeLittle"/>
    <property name="java.class.version" value="66.0"/>
  </properties>
  <testcase name="deveriaFalharNaValidacaoDoCPFPorCausaDosDigitosVerificadores" classname="ValidadorTest" time="0.038"/>
  <testcase name="deveriaValidarOCPF" classname="ValidadorTest" time="0.002"/>
  <testcase name="deveriaFalharNaValidacaoDoCPFPorTamanhoCPF" classname="ValidadorTest" time="0.003"/>
</testsuite>